============================================================
RESEARCHING 2,433 NEW TRACKABLE CANISTERS
============================================================

Loaded 2433 new canisters to research

  ✓ Token: Token1 (Unknown Token)
  ✓ Token: BTHACD•ID•FQEE•ODIN (ODIN.fun)
  ✓ Token: TKC•ID•JGBC•ODIN (ODIN.fun)
  ✓ Token: RUNESFTW•ID•EOVX•ODIN (ODIN.fun)
  ✓ Token: ODINAPE•ID•BVAE•ODIN (ODIN.fun)
[10/2433] Progress checkpoint
[20/2433] Progress checkpoint
[30/2433] Progress checkpoint
[40/2433] Progress checkpoint
[50/2433] Progress checkpoint
[60/2433] Progress checkpoint
[70/2433] Progress checkpoint
[80/2433] Progress checkpoint
[90/2433] Progress checkpoint
[100/2433] Progress checkpoint

  Stats so far:
    Tokens found: 75
    Unknown: 24
    Completion: 100/2433 (4.1%)

[110/2433] Progress checkpoint
[120/2433] Progress checkpoint
[130/2433] Progress checkpoint
[140/2433] Progress checkpoint
[150/2433] Progress checkpoint
[160/2433] Progress checkpoint
[170/2433] Progress checkpoint
[180/2433] Progress checkpoint
[190/2433] Progress checkpoint
[200/2433] Progress checkpoint

  Stats so far:
    Tokens found: 113
    Unknown: 86
    Completion: 200/2433 (8.2%)

[210/2433] Progress checkpoint
[220/2433] Progress checkpoint
[230/2433] Progress checkpoint
[240/2433] Progress checkpoint
[250/2433] Progress checkpoint
[260/2433] Progress checkpoint
[270/2433] Progress checkpoint
[280/2433] Progress checkpoint
[290/2433] Progress checkpoint
[300/2433] Progress checkpoint

  Stats so far:
    Tokens found: 142
    Unknown: 157
    Completion: 300/2433 (12.3%)

[310/2433] Progress checkpoint
[320/2433] Progress checkpoint
[330/2433] Progress checkpoint
[340/2433] Progress checkpoint
[350/2433] Progress checkpoint
[360/2433] Progress checkpoint
[370/2433] Progress checkpoint
[380/2433] Progress checkpoint
[390/2433] Progress checkpoint
[400/2433] Progress checkpoint

  Stats so far:
    Tokens found: 175
    Unknown: 224
    Completion: 400/2433 (16.4%)

[410/2433] Progress checkpoint
[420/2433] Progress checkpoint
[430/2433] Progress checkpoint
[440/2433] Progress checkpoint
[450/2433] Progress checkpoint
[460/2433] Progress checkpoint
[470/2433] Progress checkpoint
[480/2433] Progress checkpoint
[490/2433] Progress checkpoint
[500/2433] Progress checkpoint

  Stats so far:
    Tokens found: 193
    Unknown: 306
    Completion: 500/2433 (20.6%)

[510/2433] Progress checkpoint
[520/2433] Progress checkpoint
[530/2433] Progress checkpoint
[540/2433] Progress checkpoint
[550/2433] Progress checkpoint
[560/2433] Progress checkpoint
[570/2433] Progress checkpoint
[580/2433] Progress checkpoint
[590/2433] Progress checkpoint
[600/2433] Progress checkpoint

  Stats so far:
    Tokens found: 212
    Unknown: 387
    Completion: 600/2433 (24.7%)

[610/2433] Progress checkpoint
[620/2433] Progress checkpoint
[630/2433] Progress checkpoint
[640/2433] Progress checkpoint
[650/2433] Progress checkpoint
[660/2433] Progress checkpoint
[670/2433] Progress checkpoint
[680/2433] Progress checkpoint
[690/2433] Progress checkpoint
[700/2433] Progress checkpoint

  Stats so far:
    Tokens found: 233
    Unknown: 466
    Completion: 700/2433 (28.8%)

[710/2433] Progress checkpoint
[720/2433] Progress checkpoint
[730/2433] Progress checkpoint
[740/2433] Progress checkpoint
[750/2433] Progress checkpoint
[760/2433] Progress checkpoint
[770/2433] Progress checkpoint
[780/2433] Progress checkpoint
[790/2433] Progress checkpoint
[800/2433] Progress checkpoint

  Stats so far:
    Tokens found: 261
    Unknown: 538
    Completion: 800/2433 (32.9%)

[810/2433] Progress checkpoint
[820/2433] Progress checkpoint
[830/2433] Progress checkpoint
[840/2433] Progress checkpoint
[850/2433] Progress checkpoint
[860/2433] Progress checkpoint
[870/2433] Progress checkpoint
[880/2433] Progress checkpoint
[890/2433] Progress checkpoint
[900/2433] Progress checkpoint

  Stats so far:
    Tokens found: 283
    Unknown: 616
    Completion: 900/2433 (37.0%)

[910/2433] Progress checkpoint
[920/2433] Progress checkpoint
[930/2433] Progress checkpoint
[940/2433] Progress checkpoint
[950/2433] Progress checkpoint
[960/2433] Progress checkpoint
[970/2433] Progress checkpoint
[980/2433] Progress checkpoint
[990/2433] Progress checkpoint
[1000/2433] Progress checkpoint

  Stats so far:
    Tokens found: 302
    Unknown: 697
    Completion: 1000/2433 (41.1%)

[1010/2433] Progress checkpoint
[1020/2433] Progress checkpoint
[1030/2433] Progress checkpoint
[1040/2433] Progress checkpoint
[1050/2433] Progress checkpoint
[1060/2433] Progress checkpoint
[1070/2433] Progress checkpoint
[1080/2433] Progress checkpoint
[1090/2433] Progress checkpoint
[1100/2433] Progress checkpoint

  Stats so far:
    Tokens found: 343
    Unknown: 756
    Completion: 1100/2433 (45.2%)

[1110/2433] Progress checkpoint
[1120/2433] Progress checkpoint
[1130/2433] Progress checkpoint
[1140/2433] Progress checkpoint
[1150/2433] Progress checkpoint
[1160/2433] Progress checkpoint
[1170/2433] Progress checkpoint
[1180/2433] Progress checkpoint
[1190/2433] Progress checkpoint
[1200/2433] Progress checkpoint

  Stats so far:
    Tokens found: 365
    Unknown: 834
    Completion: 1200/2433 (49.3%)

[1210/2433] Progress checkpoint
[1220/2433] Progress checkpoint
[1230/2433] Progress checkpoint
[1240/2433] Progress checkpoint
[1250/2433] Progress checkpoint
[1260/2433] Progress checkpoint
[1270/2433] Progress checkpoint
[1280/2433] Progress checkpoint
[1290/2433] Progress checkpoint
[1300/2433] Progress checkpoint

  Stats so far:
    Tokens found: 388
    Unknown: 911
    Completion: 1300/2433 (53.4%)

[1310/2433] Progress checkpoint
[1320/2433] Progress checkpoint
[1330/2433] Progress checkpoint
[1340/2433] Progress checkpoint
[1350/2433] Progress checkpoint
[1360/2433] Progress checkpoint
[1370/2433] Progress checkpoint
[1380/2433] Progress checkpoint
[1390/2433] Progress checkpoint
[1400/2433] Progress checkpoint

  Stats so far:
    Tokens found: 416
    Unknown: 983
    Completion: 1400/2433 (57.5%)

[1410/2433] Progress checkpoint
[1420/2433] Progress checkpoint
[1430/2433] Progress checkpoint
[1440/2433] Progress checkpoint
[1450/2433] Progress checkpoint
[1460/2433] Progress checkpoint
[1470/2433] Progress checkpoint
[1480/2433] Progress checkpoint
[1490/2433] Progress checkpoint
[1500/2433] Progress checkpoint

  Stats so far:
    Tokens found: 443
    Unknown: 1056
    Completion: 1500/2433 (61.7%)

[1510/2433] Progress checkpoint
[1520/2433] Progress checkpoint
[1530/2433] Progress checkpoint
[1540/2433] Progress checkpoint
[1550/2433] Progress checkpoint
[1560/2433] Progress checkpoint
[1570/2433] Progress checkpoint
[1580/2433] Progress checkpoint
[1590/2433] Progress checkpoint
[1600/2433] Progress checkpoint

  Stats so far:
    Tokens found: 468
    Unknown: 1131
    Completion: 1600/2433 (65.8%)

[1610/2433] Progress checkpoint
[1620/2433] Progress checkpoint
[1630/2433] Progress checkpoint
[1640/2433] Progress checkpoint
[1650/2433] Progress checkpoint
[1660/2433] Progress checkpoint
[1670/2433] Progress checkpoint
[1680/2433] Progress checkpoint
[1690/2433] Progress checkpoint
[1700/2433] Progress checkpoint

  Stats so far:
    Tokens found: 480
    Unknown: 1219
    Completion: 1700/2433 (69.9%)

[1710/2433] Progress checkpoint
[1720/2433] Progress checkpoint
[1730/2433] Progress checkpoint
[1740/2433] Progress checkpoint
[1750/2433] Progress checkpoint
[1760/2433] Progress checkpoint
[1770/2433] Progress checkpoint
[1780/2433] Progress checkpoint
[1790/2433] Progress checkpoint
[1800/2433] Progress checkpoint

  Stats so far:
    Tokens found: 480
    Unknown: 1319
    Completion: 1800/2433 (74.0%)

[1810/2433] Progress checkpoint
[1820/2433] Progress checkpoint
[1830/2433] Progress checkpoint
[1840/2433] Progress checkpoint
[1850/2433] Progress checkpoint
[1860/2433] Progress checkpoint
[1870/2433] Progress checkpoint
[1880/2433] Progress checkpoint
[1890/2433] Progress checkpoint
[1900/2433] Progress checkpoint

  Stats so far:
    Tokens found: 496
    Unknown: 1403
    Completion: 1900/2433 (78.1%)

[1910/2433] Progress checkpoint
[1920/2433] Progress checkpoint
[1930/2433] Progress checkpoint
[1940/2433] Progress checkpoint
[1950/2433] Progress checkpoint
[1960/2433] Progress checkpoint
[1970/2433] Progress checkpoint
[1980/2433] Progress checkpoint
[1990/2433] Progress checkpoint
[2000/2433] Progress checkpoint

  Stats so far:
    Tokens found: 529
    Unknown: 1470
    Completion: 2000/2433 (82.2%)

[2010/2433] Progress checkpoint
[2020/2433] Progress checkpoint
[2030/2433] Progress checkpoint
[2040/2433] Progress checkpoint
[2050/2433] Progress checkpoint
[2060/2433] Progress checkpoint
[2070/2433] Progress checkpoint
[2080/2433] Progress checkpoint
[2090/2433] Progress checkpoint
[2100/2433] Progress checkpoint

  Stats so far:
    Tokens found: 566
    Unknown: 1533
    Completion: 2100/2433 (86.3%)

[2110/2433] Progress checkpoint
[2120/2433] Progress checkpoint
[2130/2433] Progress checkpoint
[2140/2433] Progress checkpoint
[2150/2433] Progress checkpoint
[2160/2433] Progress checkpoint
[2170/2433] Progress checkpoint
[2180/2433] Progress checkpoint
[2190/2433] Progress checkpoint
[2200/2433] Progress checkpoint

  Stats so far:
    Tokens found: 610
    Unknown: 1589
    Completion: 2200/2433 (90.4%)

[2210/2433] Progress checkpoint
[2220/2433] Progress checkpoint
[2230/2433] Progress checkpoint
[2240/2433] Progress checkpoint
[2250/2433] Progress checkpoint
[2260/2433] Progress checkpoint
[2270/2433] Progress checkpoint
[2280/2433] Progress checkpoint
[2290/2433] Progress checkpoint
[2300/2433] Progress checkpoint

  Stats so far:
    Tokens found: 655
    Unknown: 1644
    Completion: 2300/2433 (94.5%)

[2310/2433] Progress checkpoint
[2320/2433] Progress checkpoint
[2330/2433] Progress checkpoint
[2340/2433] Progress checkpoint
[2350/2433] Progress checkpoint
[2360/2433] Progress checkpoint
[2370/2433] Progress checkpoint
[2380/2433] Progress checkpoint
[2390/2433] Progress checkpoint
[2400/2433] Progress checkpoint

  Stats so far:
    Tokens found: 690
    Unknown: 1709
    Completion: 2400/2433 (98.6%)

[2410/2433] Progress checkpoint
[2420/2433] Progress checkpoint
[2430/2433] Progress checkpoint

============================================================
RESEARCH COMPLETE!
============================================================

Total researched: 2433
Tokens found: 700
Unknown: 1733

Results saved to: research_results.json
