Starting canister research...
Found 205 canisters to research

[1/205] Researching 22hwg-5iaaa-aaaah-arb4q-cai

Researching 22hwg-5iaaa-aaaah-arb4q-cai...
  Checking ICRC-1...
  Checking frontend...
  ✓ Frontend found: https://22hwg-5iaaa-aaaah-arb4q-cai.icp0.io
  Checking candid...
  Updated RESEARCH_PLAN.md

[2/205] Researching 235yg-kiaaa-aaaaj-qnwlq-cai

Researching 235yg-kiaaa-aaaaj-qnwlq-cai...
  Checking ICRC-1...
  Checking frontend...
  ✓ Frontend found: https://235yg-kiaaa-aaaaj-qnwlq-cai.icp0.io
  Checking candid...
  Updated RESEARCH_PLAN.md

[3/205] Researching 2377i-5aaaa-aaaai-q3yua-cai

Researching 2377i-5aaaa-aaaai-q3yua-cai...
  Checking ICRC-1...
  Checking frontend...
  ✓ Frontend found: https://2377i-5aaaa-aaaai-q3yua-cai.icp0.io
  Checking candid...
  Updated RESEARCH_PLAN.md

[4/205] Researching 23gat-biaaa-aaaaj-a2bca-cai

Researching 23gat-biaaa-aaaaj-a2bca-cai...
  Checking ICRC-1...
  Checking frontend...
  ✓ Frontend found: https://23gat-biaaa-aaaaj-a2bca-cai.ic0.app
  Checking candid...
  Updated RESEARCH_PLAN.md

[5/205] Researching 246z4-qyaaa-aaaai-q3yuq-cai

Researching 246z4-qyaaa-aaaai-q3yuq-cai...
  Checking ICRC-1...
  Checking frontend...
  ✓ Frontend found: https://246z4-qyaaa-aaaai-q3yuq-cai.ic0.app
  Checking candid...
  Updated RESEARCH_PLAN.md

[6/205] Researching 24t7b-laaaa-aaaak-quf6q-cai

Researching 24t7b-laaaa-aaaak-quf6q-cai...
  Checking ICRC-1...
  Checking frontend...
  ✓ Frontend found: https://24t7b-laaaa-aaaak-quf6q-cai.ic0.app
  Checking candid...
  Updated RESEARCH_PLAN.md

[7/205] Researching 25jyk-oaaaa-aaaah-adwwa-cai

Researching 25jyk-oaaaa-aaaah-adwwa-cai...
  Checking ICRC-1...
  Checking frontend...
  ✓ Frontend found: https://25jyk-oaaaa-aaaah-adwwa-cai.ic0.app
  Checking candid...
  Updated RESEARCH_PLAN.md

[8/205] Researching 2664g-ziaaa-aaaai-q3uyq-cai

Researching 2664g-ziaaa-aaaai-q3uyq-cai...
  Checking ICRC-1...
  Checking frontend...
  ✓ Frontend found: https://2664g-ziaaa-aaaai-q3uyq-cai.ic0.app
  Checking candid...
  Updated RESEARCH_PLAN.md

[9/205] Researching 26biv-aaaaa-aaaal-ad4aa-cai

Researching 26biv-aaaaa-aaaal-ad4aa-cai...
  Checking ICRC-1...
  Checking frontend...
  ✓ Frontend found: https://26biv-aaaaa-aaaal-ad4aa-cai.ic0.app
  Checking candid...
  Updated RESEARCH_PLAN.md

[10/205] Researching 275ts-ziaaa-aaaaj-qnotq-cai

Researching 275ts-ziaaa-aaaaj-qnotq-cai...
  Checking ICRC-1...
  Checking frontend...
  ✓ Frontend found: https://275ts-ziaaa-aaaaj-qnotq-cai.icp0.io
  Checking candid...
  Updated RESEARCH_PLAN.md

  Checkpoint: Completed 10/205

[11/205] Researching 27q7f-uiaaa-aaaaj-a2g7q-cai

Researching 27q7f-uiaaa-aaaaj-a2g7q-cai...
  Checking ICRC-1...
  Checking frontend...
  ✓ Frontend found: https://27q7f-uiaaa-aaaaj-a2g7q-cai.icp0.io
  Checking candid...
  Updated RESEARCH_PLAN.md

[12/205] Researching 2be6c-nqaaa-aaaaf-qan7q-cai

Researching 2be6c-nqaaa-aaaaf-qan7q-cai...
  Checking ICRC-1...
  Checking frontend...
  ✓ Frontend found: https://2be6c-nqaaa-aaaaf-qan7q-cai.ic0.app
  Checking candid...
  Updated RESEARCH_PLAN.md

[13/205] Researching 2bslg-pyaaa-aaaal-ad37a-cai

Researching 2bslg-pyaaa-aaaal-ad37a-cai...
  Checking ICRC-1...
  Checking frontend...
  ✓ Frontend found: https://2bslg-pyaaa-aaaal-ad37a-cai.ic0.app
  Checking candid...
  Updated RESEARCH_PLAN.md

[14/205] Researching 2bwnk-liaaa-aaaak-quria-cai

Researching 2bwnk-liaaa-aaaak-quria-cai...
  Checking ICRC-1...
  Checking frontend...
  ✓ Frontend found: https://2bwnk-liaaa-aaaak-quria-cai.ic0.app
  Checking candid...
  Updated RESEARCH_PLAN.md

[15/205] Researching 2c2gx-oiaaa-aaaai-q3u2q-cai

Researching 2c2gx-oiaaa-aaaai-q3u2q-cai...
  Checking ICRC-1...
  Checking frontend...
  ✓ Frontend found: https://2c2gx-oiaaa-aaaai-q3u2q-cai.ic0.app
  Checking candid...
  Updated RESEARCH_PLAN.md

[16/205] Researching 2cse4-eyaaa-aaaal-ajvpa-cai

Researching 2cse4-eyaaa-aaaal-ajvpa-cai...
  Checking ICRC-1...
  Checking frontend...
  ✓ Frontend found: https://2cse4-eyaaa-aaaal-ajvpa-cai.ic0.app
  Checking candid...
  Updated RESEARCH_PLAN.md

[17/205] Researching 2dso4-giaaa-aaaal-adxta-cai

Researching 2dso4-giaaa-aaaal-adxta-cai...
  Checking ICRC-1...
  Checking frontend...
  ✓ Frontend found: https://2dso4-giaaa-aaaal-adxta-cai.ic0.app
  Checking candid...
  Updated RESEARCH_PLAN.md

[18/205] Researching 2ed46-kaaaa-aaaam-qdo3a-cai

Researching 2ed46-kaaaa-aaaam-qdo3a-cai...
  Checking ICRC-1...
  Checking frontend...
  ✓ Frontend found: https://2ed46-kaaaa-aaaam-qdo3a-cai.ic0.app
  Checking candid...
  Updated RESEARCH_PLAN.md

[19/205] Researching 2etii-lqaaa-aaaal-adxtq-cai

Researching 2etii-lqaaa-aaaal-adxtq-cai...
  Checking ICRC-1...
  Checking frontend...
  ✓ Frontend found: https://2etii-lqaaa-aaaal-adxtq-cai.ic0.app
  Checking candid...
  Updated RESEARCH_PLAN.md

[20/205] Researching 2f3ad-dqaaa-aaaai-q3u2a-cai

Researching 2f3ad-dqaaa-aaaai-q3u2a-cai...
  Checking ICRC-1...
  Checking frontend...
  ✓ Frontend found: https://2f3ad-dqaaa-aaaai-q3u2a-cai.icp0.io
  Checking candid...
  Updated RESEARCH_PLAN.md

  Checkpoint: Completed 20/205

[21/205] Researching 2fytf-maaaa-aaaad-qg65a-cai

Researching 2fytf-maaaa-aaaad-qg65a-cai...
  Checking ICRC-1...
  Checking frontend...
  ✓ Frontend found: https://2fytf-maaaa-aaaad-qg65a-cai.ic0.app
  Checking candid...
  Updated RESEARCH_PLAN.md

[22/205] Researching 2gfyw-aiaaa-aaaaf-qan7a-cai

Researching 2gfyw-aiaaa-aaaaf-qan7a-cai...
  Checking ICRC-1...
  Checking frontend...
  ✓ Frontend found: https://2gfyw-aiaaa-aaaaf-qan7a-cai.icp0.io
  Checking candid...
  Updated RESEARCH_PLAN.md

[23/205] Researching 2gtns-caaaa-aaaal-ad37q-cai

Researching 2gtns-caaaa-aaaal-ad37q-cai...
  Checking ICRC-1...
  Checking frontend...
  ✓ Frontend found: https://2gtns-caaaa-aaaal-ad37q-cai.ic0.app
  Checking candid...
  Updated RESEARCH_PLAN.md

[24/205] Researching 2h5or-paaaa-aaaak-qcjyq-cai

Researching 2h5or-paaaa-aaaak-qcjyq-cai...
  Checking ICRC-1...
  Checking frontend...
  ✓ Frontend found: https://2h5or-paaaa-aaaak-qcjyq-cai.icp0.io
  Checking candid...
  Updated RESEARCH_PLAN.md

[25/205] Researching 2hogi-2qaaa-aaaag-at53a-cai

Researching 2hogi-2qaaa-aaaag-at53a-cai...
  Checking ICRC-1...
  Checking frontend...
  ✓ Frontend found: https://2hogi-2qaaa-aaaag-at53a-cai.ic0.app
  Checking candid...
  Updated RESEARCH_PLAN.md

[26/205] Researching 2jzxy-6qaaa-aaaai-atfya-cai

Researching 2jzxy-6qaaa-aaaai-atfya-cai...
  Checking ICRC-1...
  Checking frontend...
  ✓ Frontend found: https://2jzxy-6qaaa-aaaai-atfya-cai.ic0.app
  Checking candid...
  Updated RESEARCH_PLAN.md

[27/205] Researching 2lrpa-sqaaa-aaaal-ajvoq-cai

Researching 2lrpa-sqaaa-aaaal-ajvoq-cai...
  Checking ICRC-1...
  Checking frontend...
  ✓ Frontend found: https://2lrpa-sqaaa-aaaal-ajvoq-cai.ic0.app
  Checking candid...
  Updated RESEARCH_PLAN.md

[28/205] Researching 2lznl-yaaaa-aaaai-q3u3a-cai

Researching 2lznl-yaaaa-aaaai-q3u3a-cai...
  Checking ICRC-1...
  Checking frontend...
  ✓ Frontend found: https://2lznl-yaaaa-aaaai-q3u3a-cai.icp0.io
  Checking candid...
  Updated RESEARCH_PLAN.md

[29/205] Researching 2myl7-vyaaa-aaaai-q3u3q-cai

Researching 2myl7-vyaaa-aaaai-q3u3q-cai...
  Checking ICRC-1...
  Checking frontend...
  ✓ Frontend found: https://2myl7-vyaaa-aaaai-q3u3q-cai.ic0.app
  Checking candid...
  Updated RESEARCH_PLAN.md

[30/205] Researching 2naxc-4iaaa-aaaam-qdo2q-cai

Researching 2naxc-4iaaa-aaaam-qdo2q-cai...
  Checking ICRC-1...
  Checking frontend...
  ✓ Frontend found: https://2naxc-4iaaa-aaaam-qdo2q-cai.icp0.io
  Checking candid...
  Updated RESEARCH_PLAN.md

  Checkpoint: Completed 30/205

[31/205] Researching 2nqdu-5yaaa-aaaal-adxsa-cai

Researching 2nqdu-5yaaa-aaaal-adxsa-cai...
  Checking ICRC-1...
  Checking frontend...
  ✓ Frontend found: https://2nqdu-5yaaa-aaaal-adxsa-cai.ic0.app
  Checking candid...
  Updated RESEARCH_PLAN.md

[32/205] Researching 2nvud-4yaaa-aaaal-qjaxa-cai

Researching 2nvud-4yaaa-aaaal-qjaxa-cai...
  Checking ICRC-1...
  Checking frontend...
  ✓ Frontend found: https://2nvud-4yaaa-aaaal-qjaxa-cai.ic0.app
  Checking candid...
  Updated RESEARCH_PLAN.md

[33/205] Researching 2obr6-aaaaa-aaaaj-a2bbq-cai

Researching 2obr6-aaaaa-aaaaj-a2bbq-cai...
  Checking ICRC-1...
  Checking frontend...
  ✓ Frontend found: https://2obr6-aaaaa-aaaaj-a2bbq-cai.icp0.io
  Checking candid...
  Updated RESEARCH_PLAN.md

[34/205] Researching 2onnu-myaaa-aaaag-at52q-cai

Researching 2onnu-myaaa-aaaag-at52q-cai...
  Checking ICRC-1...
  Checking frontend...
  ✓ Frontend found: https://2onnu-myaaa-aaaag-at52q-cai.icp0.io
  Checking candid...
  Updated RESEARCH_PLAN.md

[35/205] Researching 2q4ro-cyaaa-aaaai-q3uzq-cai

Researching 2q4ro-cyaaa-aaaai-q3uzq-cai...
  Checking ICRC-1...
  Checking frontend...
  ✓ Frontend found: https://2q4ro-cyaaa-aaaai-q3uzq-cai.ic0.app
  Checking candid...
  Updated RESEARCH_PLAN.md

[36/205] Researching 2qc72-4qaaa-aaaap-qhwqq-cai

Researching 2qc72-4qaaa-aaaap-qhwqq-cai...
  Checking ICRC-1...
  Checking frontend...
  ✓ Frontend found: https://2qc72-4qaaa-aaaap-qhwqq-cai.ic0.app
  Checking candid...
  Updated RESEARCH_PLAN.md

[37/205] Researching 2rgll-iiaaa-aaaak-quccq-cai

Researching 2rgll-iiaaa-aaaak-quccq-cai...
  Checking ICRC-1...
  Checking frontend...
  ✓ Frontend found: https://2rgll-iiaaa-aaaak-quccq-cai.ic0.app
  Checking candid...
  Updated RESEARCH_PLAN.md

[38/205] Researching 2rv37-7aaaa-aaaal-ajbyq-cai

Researching 2rv37-7aaaa-aaaal-ajbyq-cai...
  Checking ICRC-1...
  Checking frontend...
  ✓ Frontend found: https://2rv37-7aaaa-aaaal-ajbyq-cai.ic0.app
  Checking candid...
  Updated RESEARCH_PLAN.md

[39/205] Researching 2s4l5-eiaaa-aaaai-atf2q-cai

Researching 2s4l5-eiaaa-aaaai-atf2q-cai...
  Checking ICRC-1...
  Checking frontend...
  ✓ Frontend found: https://2s4l5-eiaaa-aaaai-atf2q-cai.ic0.app
  Checking candid...
  Updated RESEARCH_PLAN.md

[40/205] Researching 2tcj3-baaaa-aaaaf-qan4q-cai

Researching 2tcj3-baaaa-aaaaf-qan4q-cai...
  Checking ICRC-1...
  Checking frontend...
  ✓ Frontend found: https://2tcj3-baaaa-aaaaf-qan4q-cai.ic0.app
  Checking candid...
  Updated RESEARCH_PLAN.md

  Checkpoint: Completed 40/205

[41/205] Researching 2te52-laaaa-aaaah-arb5a-cai

Researching 2te52-laaaa-aaaah-arb5a-cai...
  Checking ICRC-1...
  Checking frontend...
  ✓ Frontend found: https://2te52-laaaa-aaaah-arb5a-cai.ic0.app
  Checking candid...
  Updated RESEARCH_PLAN.md

[42/205] Researching 2udpp-myaaa-aaaaf-qan4a-cai

Researching 2udpp-myaaa-aaaaf-qan4a-cai...
  Checking ICRC-1...
  Checking frontend...
  ✓ Frontend found: https://2udpp-myaaa-aaaaf-qan4a-cai.icp0.io
  Checking candid...
  Updated RESEARCH_PLAN.md

[43/205] Researching 2v3om-2yaaa-aaaah-qczoa-cai

Researching 2v3om-2yaaa-aaaah-qczoa-cai...
  Checking ICRC-1...
  Checking frontend...
  ✓ Frontend found: https://2v3om-2yaaa-aaaah-qczoa-cai.icp0.io
  Checking candid...
  Updated RESEARCH_PLAN.md

[44/205] Researching 2v5nj-jqaaa-aaaai-atf2a-cai

Researching 2v5nj-jqaaa-aaaai-atf2a-cai...
  Checking ICRC-1...
  Checking frontend...
  ✓ Frontend found: https://2v5nj-jqaaa-aaaai-atf2a-cai.icp0.io
  Checking candid...
  Updated RESEARCH_PLAN.md

[45/205] Researching 2vn26-myaaa-aaaao-aanla-cai

Researching 2vn26-myaaa-aaaao-aanla-cai...
  Checking ICRC-1...
  Checking frontend...
  Checking candid...
  ✓ Methods: service, hello
  Updated RESEARCH_PLAN.md

[46/205] Researching 2whn7-fqaaa-aaaak-qucca-cai

Researching 2whn7-fqaaa-aaaak-qucca-cai...
  Checking ICRC-1...
  Checking frontend...
  ✓ Frontend found: https://2whn7-fqaaa-aaaak-qucca-cai.icp0.io
  Checking candid...
  Updated RESEARCH_PLAN.md

[47/205] Researching 2wu5l-syaaa-aaaal-ajbya-cai

Researching 2wu5l-syaaa-aaaal-ajbya-cai...
  Checking ICRC-1...
  Checking frontend...
  ✓ Frontend found: https://2wu5l-syaaa-aaaal-ajbya-cai.ic0.app
  Checking candid...
  Updated RESEARCH_PLAN.md

[48/205] Researching 2x5x2-paaaa-aaaai-q3uza-cai

Researching 2x5x2-paaaa-aaaai-q3uza-cai...
  Checking ICRC-1...
  Checking frontend...
  ✓ Frontend found: https://2x5x2-paaaa-aaaai-q3uza-cai.icp0.io
  Checking candid...
  Updated RESEARCH_PLAN.md

[49/205] Researching 2yxsz-4qaaa-aaaal-adxrq-cai

Researching 2yxsz-4qaaa-aaaal-adxrq-cai...
  Checking ICRC-1...
  Checking frontend...
  ✓ Frontend found: https://2yxsz-4qaaa-aaaal-adxrq-cai.ic0.app
  Checking candid...
  Updated RESEARCH_PLAN.md

[50/205] Researching 2z72s-uqaaa-aaaai-q3uya-cai

Researching 2z72s-uqaaa-aaaai-q3uya-cai...
  Checking ICRC-1...
  Checking frontend...
  ✓ Frontend found: https://2z72s-uqaaa-aaaai-q3uya-cai.icp0.io
  Checking candid...
  Updated RESEARCH_PLAN.md

  Checkpoint: Completed 50/205

[51/205] Researching 2zaob-nyaaa-aaaal-ad4aq-cai

Researching 2zaob-nyaaa-aaaal-ad4aq-cai...
  Checking ICRC-1...
  Checking frontend...
  ✓ Frontend found: https://2zaob-nyaaa-aaaal-ad4aq-cai.ic0.app
  Checking candid...
  Updated RESEARCH_PLAN.md

[52/205] Researching 322ha-cqaaa-aaaah-qqcpq-cai

Researching 322ha-cqaaa-aaaah-qqcpq-cai...
  Checking ICRC-1...
  Checking frontend...
  ✓ Frontend found: https://322ha-cqaaa-aaaah-qqcpq-cai.ic0.app
  Checking candid...
  Updated RESEARCH_PLAN.md

[53/205] Researching 33tnr-7iaaa-aaaae-acxoq-cai

Researching 33tnr-7iaaa-aaaae-acxoq-cai...
  Checking ICRC-1...
  Checking frontend...
  ✓ Frontend found: https://33tnr-7iaaa-aaaae-acxoq-cai.ic0.app
  Checking candid...
  Updated RESEARCH_PLAN.md

[54/205] Researching 346vy-oyaaa-aaaan-qzyja-cai

Researching 346vy-oyaaa-aaaan-qzyja-cai...
  Checking ICRC-1...
  Checking frontend...
  ✓ Frontend found: https://346vy-oyaaa-aaaan-qzyja-cai.ic0.app
  Checking candid...
  Updated RESEARCH_PLAN.md

[55/205] Researching 353bu-piaaa-aaaah-qqcpa-cai

Researching 353bu-piaaa-aaaah-qqcpa-cai...
  Checking ICRC-1...
  Checking frontend...
  ✓ Frontend found: https://353bu-piaaa-aaaah-qqcpa-cai.ic0.app
  Checking candid...
  Updated RESEARCH_PLAN.md

[56/205] Researching 35dny-6aaaa-aaaas-akqba-cai

Researching 35dny-6aaaa-aaaas-akqba-cai...
  Checking ICRC-1...
  Checking frontend...
  ✓ Frontend found: https://35dny-6aaaa-aaaas-akqba-cai.icp0.io
  Checking candid...
  Updated RESEARCH_PLAN.md

[57/205] Researching 36l7l-yqaaa-aaaal-amm5a-cai

Researching 36l7l-yqaaa-aaaal-amm5a-cai...
  Checking ICRC-1...
  Checking frontend...
  ✓ Frontend found: https://36l7l-yqaaa-aaaal-amm5a-cai.icp0.io
  Checking candid...
  Updated RESEARCH_PLAN.md

[58/205] Researching 3a6h2-sqaaa-aaaal-adxvq-cai

Researching 3a6h2-sqaaa-aaaal-adxvq-cai...
  Checking ICRC-1...
  Checking frontend...
  ✓ Frontend found: https://3a6h2-sqaaa-aaaal-adxvq-cai.ic0.app
  Checking candid...
  Updated RESEARCH_PLAN.md

[59/205] Researching 3awac-fiaaa-aaaad-qhpkq-cai

Researching 3awac-fiaaa-aaaad-qhpkq-cai...
  Checking ICRC-1...
  Checking frontend...
  ✓ Frontend found: https://3awac-fiaaa-aaaad-qhpkq-cai.ic0.app
  Checking candid...
  Updated RESEARCH_PLAN.md

[60/205] Researching 3dewk-oiaaa-aaaah-qddlq-cai

Researching 3dewk-oiaaa-aaaah-qddlq-cai...
  Checking ICRC-1...
  Checking frontend...
  ✓ Frontend found: https://3dewk-oiaaa-aaaah-qddlq-cai.icp0.io
  Checking candid...
  Updated RESEARCH_PLAN.md

  Checkpoint: Completed 60/205

[61/205] Researching 3dgcv-ziaaa-aaaao-aanoa-cai

Researching 3dgcv-ziaaa-aaaao-aanoa-cai...
  Checking ICRC-1...
  Checking frontend...
  Checking candid...
  ✓ Methods: service, hello
  Updated RESEARCH_PLAN.md

[62/205] Researching 3ecpo-oiaaa-aaaag-at55q-cai

Researching 3ecpo-oiaaa-aaaag-at55q-cai...
  Checking ICRC-1...
  Checking frontend...
  ✓ Frontend found: https://3ecpo-oiaaa-aaaag-at55q-cai.icp0.io
  Checking candid...
  Updated RESEARCH_PLAN.md

[63/205] Researching 3gxjf-xiaaa-aaaai-q3u4q-cai

Researching 3gxjf-xiaaa-aaaai-q3u4q-cai...
  Checking ICRC-1...
  Checking frontend...
  ✓ Frontend found: https://3gxjf-xiaaa-aaaai-q3u4q-cai.icp0.io
  Checking candid...
  Updated RESEARCH_PLAN.md

[64/205] Researching 3h7bo-7iaaa-aaaal-adxva-cai

Researching 3h7bo-7iaaa-aaaal-adxva-cai...
  Checking ICRC-1...
  Checking frontend...
  ✓ Frontend found: https://3h7bo-7iaaa-aaaal-adxva-cai.ic0.app
  Checking candid...
  Updated RESEARCH_PLAN.md

[65/205] Researching 3hxgw-iqaaa-aaaad-qhpka-cai

Researching 3hxgw-iqaaa-aaaad-qhpka-cai...
  Checking ICRC-1...
  Checking frontend...
  ✓ Frontend found: https://3hxgw-iqaaa-aaaad-qhpka-cai.icp0.io
  Checking candid...
  Updated RESEARCH_PLAN.md

[66/205] Researching 3j5mg-eyaaa-aaaal-adxua-cai

Researching 3j5mg-eyaaa-aaaal-adxua-cai...
  Checking ICRC-1...
  Checking frontend...
  ✓ Frontend found: https://3j5mg-eyaaa-aaaal-adxua-cai.ic0.app
  Checking candid...
  Updated RESEARCH_PLAN.md

[67/205] Researching 3lmog-zyaaa-aaaal-amm6q-cai

Researching 3lmog-zyaaa-aaaal-amm6q-cai...
  Checking ICRC-1...
  Checking frontend...
  ✓ Frontend found: https://3lmog-zyaaa-aaaal-amm6q-cai.ic0.app
  Checking candid...
  Updated RESEARCH_PLAN.md

[68/205] Researching 3mnis-uaaaa-aaaal-amm6a-cai

Researching 3mnis-uaaaa-aaaal-amm6a-cai...
  Checking ICRC-1...
  Checking frontend...
  ✓ Frontend found: https://3mnis-uaaaa-aaaal-amm6a-cai.icp0.io
  Checking candid...
  Updated RESEARCH_PLAN.md

[69/205] Researching 3ng3c-vyaaa-aaaah-qddkq-cai

Researching 3ng3c-vyaaa-aaaah-qddkq-cai...
  Checking ICRC-1...
  Checking frontend...
  ✓ Frontend found: https://3ng3c-vyaaa-aaaah-qddkq-cai.icp0.io
  Checking candid...
  Updated RESEARCH_PLAN.md

[70/205] Researching 3o4ks-jaaaa-aaaal-adxuq-cai

Researching 3o4ks-jaaaa-aaaal-adxuq-cai...
  Checking ICRC-1...
  Checking frontend...
  ✓ Frontend found: https://3o4ks-jaaaa-aaaal-adxuq-cai.ic0.app
  Checking candid...
  Updated RESEARCH_PLAN.md

  Checkpoint: Completed 70/205

[71/205] Researching 3pucz-baaaa-aaaai-q3u5a-cai

Researching 3pucz-baaaa-aaaai-q3u5a-cai...
  Checking ICRC-1...
  Checking frontend...
  ✓ Frontend found: https://3pucz-baaaa-aaaai-q3u5a-cai.ic0.app
  Checking candid...
  Updated RESEARCH_PLAN.md

[72/205] Researching 3qgfz-2qaaa-aaaar-qaipq-cai

Researching 3qgfz-2qaaa-aaaar-qaipq-cai...
  Checking ICRC-1...
  Checking frontend...
  ✓ Frontend found: https://3qgfz-2qaaa-aaaar-qaipq-cai.ic0.app
  Checking candid...
  ✓ Methods: owner, subaccount, burn, kind, mint, approve, timestamp, transfer, fee, from
  Updated RESEARCH_PLAN.md

[73/205] Researching 3rf6d-paaaa-aaaag-at56a-cai

Researching 3rf6d-paaaa-aaaag-at56a-cai...
  Checking ICRC-1...
  Checking frontend...
  ✓ Frontend found: https://3rf6d-paaaa-aaaag-at56a-cai.ic0.app
  Checking candid...
  Updated RESEARCH_PLAN.md

[74/205] Researching 3stx4-waaaa-aaaaj-qnoua-cai

Researching 3stx4-waaaa-aaaaj-qnoua-cai...
  Checking ICRC-1...
  Checking frontend...
  ✓ Frontend found: https://3stx4-waaaa-aaaaj-qnoua-cai.ic0.app
  Checking candid...
  Updated RESEARCH_PLAN.md

[75/205] Researching 3syqd-6aaaa-aaaal-adxwq-cai

Researching 3syqd-6aaaa-aaaal-adxwq-cai...
  Checking ICRC-1...
  Checking frontend...
  ✓ Frontend found: https://3syqd-6aaaa-aaaal-adxwq-cai.ic0.app
  Checking candid...
  Updated RESEARCH_PLAN.md

[76/205] Researching 3thnb-raaaa-aaaaa-qahla-cai

Researching 3thnb-raaaa-aaaaa-qahla-cai...
  Checking ICRC-1...
  Checking frontend...
  ✓ Frontend found: https://3thnb-raaaa-aaaaa-qahla-cai.icp0.io
  Checking candid...
  Updated RESEARCH_PLAN.md

[77/205] Researching 3ttlo-zqaaa-aaaad-qg6ya-cai

Researching 3ttlo-zqaaa-aaaad-qg6ya-cai...
  Checking ICRC-1...
  Checking frontend...
  ✓ Frontend found: https://3ttlo-zqaaa-aaaad-qg6ya-cai.ic0.app
  Checking candid...
  Updated RESEARCH_PLAN.md

[78/205] Researching 3uglv-4yaaa-aaaaa-qahlq-cai

Researching 3uglv-4yaaa-aaaaa-qahlq-cai...
  Checking ICRC-1...
  Checking frontend...
  ✓ Frontend found: https://3uglv-4yaaa-aaaaa-qahlq-cai.ic0.app
  Checking candid...
  Updated RESEARCH_PLAN.md

[79/205] Researching 3v56e-yqaaa-aaaan-qzyiq-cai

Researching 3v56e-yqaaa-aaaan-qzyiq-cai...
  Checking ICRC-1...
  Checking frontend...
  ✓ Frontend found: https://3v56e-yqaaa-aaaan-qzyiq-cai.icp0.io
  Checking candid...
  Updated RESEARCH_PLAN.md

[80/205] Researching 3vzwx-tyaaa-aaaal-adxwa-cai

Researching 3vzwx-tyaaa-aaaal-adxwa-cai...
  Checking ICRC-1...
  Checking frontend...
  ✓ Frontend found: https://3vzwx-tyaaa-aaaal-adxwa-cai.ic0.app
  Checking candid...
  Updated RESEARCH_PLAN.md

  Checkpoint: Completed 80/205

[81/205] Researching 3wdhh-paaaa-aaaah-qddia-cai

Researching 3wdhh-paaaa-aaaah-qddia-cai...
  Checking ICRC-1...
  Checking frontend...
  ✓ Frontend found: https://3wdhh-paaaa-aaaah-qddia-cai.icp0.io
  Checking candid...
  Updated RESEARCH_PLAN.md

[82/205] Researching 3wt4i-faaaa-aaaaj-qnwma-cai

Researching 3wt4i-faaaa-aaaaj-qnwma-cai...
  Checking ICRC-1...
  Checking frontend...
  ✓ Frontend found: https://3wt4i-faaaa-aaaaj-qnwma-cai.ic0.app
  Checking candid...
  Updated RESEARCH_PLAN.md

[83/205] Researching 3wzge-xyaaa-aaaal-qbeja-cai

Researching 3wzge-xyaaa-aaaal-qbeja-cai...
  Checking ICRC-1...
  Checking frontend...
  Checking candid...
  ✓ Methods: service, hello
  Updated RESEARCH_PLAN.md

[84/205] Researching 3x5sf-taaaa-aaaah-aq33q-cai

Researching 3x5sf-taaaa-aaaah-aq33q-cai...
  Checking ICRC-1...
  Checking frontend...
  ✓ Frontend found: https://3x5sf-taaaa-aaaah-aq33q-cai.ic0.app
  Checking candid...
  ✓ Methods: owner, subaccount, hash, owner, subaccount, RegisterKnownNeuron, ManageNeuron, CreateServiceNervousSystem, ExecuteNnsFunction, RewardNodeProvider
  Updated RESEARCH_PLAN.md

[85/205] Researching 3xtda-wiaaa-aaaar-qbspq-cai

Researching 3xtda-wiaaa-aaaar-qbspq-cai...
  Checking ICRC-1...
  ✓ ICRC-1 Token: BITNEIRO•ID•ZMEO•ODIN (BITNEIRO•ID•ZMEO•ODIN)
  Updated RESEARCH_PLAN.md

[86/205] Researching 3ybkp-uqaaa-aaaah-qddja-cai

Researching 3ybkp-uqaaa-aaaah-qddja-cai...
  Checking ICRC-1...
  Checking frontend...
  ✓ Frontend found: https://3ybkp-uqaaa-aaaah-qddja-cai.ic0.app
  Checking candid...
  Updated RESEARCH_PLAN.md

[87/205] Researching 3zfof-myaaa-aaaar-qaioa-cai

Researching 3zfof-myaaa-aaaar-qaioa-cai...
  Checking ICRC-1...
  Checking frontend...
  ✓ Frontend found: https://3zfof-myaaa-aaaar-qaioa-cai.ic0.app
  Checking candid...
  Updated RESEARCH_PLAN.md

[88/205] Researching 3zkvx-kaaaa-aaaak-qt2ia-cai

Researching 3zkvx-kaaaa-aaaak-qt2ia-cai...
  Checking ICRC-1...
  ✓ ICRC-1 Token: Trump (TRMP)
  Updated RESEARCH_PLAN.md

[89/205] Researching 3zkz7-viaaa-aaaal-amm5q-cai

Researching 3zkz7-viaaa-aaaal-amm5q-cai...
  Checking ICRC-1...
  Checking frontend...
  ✓ Frontend found: https://3zkz7-viaaa-aaaal-amm5q-cai.ic0.app
  Checking candid...
  Updated RESEARCH_PLAN.md

[90/205] Researching 3zroi-nyaaa-aaaar-qbsoq-cai

Researching 3zroi-nyaaa-aaaar-qbsoq-cai...
  Checking ICRC-1...
  ✓ ICRC-1 Token: BUTTERFLY•ID•LRWR•ODIN (BUTTERFLY•ID•LRWR•ODIN)
  Updated RESEARCH_PLAN.md

  Checkpoint: Completed 90/205

[91/205] Researching 3zwjo-2yaaa-aaaao-qj6xq-cai

Researching 3zwjo-2yaaa-aaaao-qj6xq-cai...
  Checking ICRC-1...
  Checking frontend...
  ✓ Frontend found: https://3zwjo-2yaaa-aaaao-qj6xq-cai.icp0.io
  Checking candid...
  Updated RESEARCH_PLAN.md

[92/205] Researching 42crl-7yaaa-aaaak-adkzq-cai

Researching 42crl-7yaaa-aaaak-adkzq-cai...
  Checking ICRC-1...
  Checking frontend...
  ✓ Frontend found: https://42crl-7yaaa-aaaak-adkzq-cai.icp0.io
  Checking candid...
  Updated RESEARCH_PLAN.md

[93/205] Researching 43adh-naaaa-aaaar-qbvdq-cai

Researching 43adh-naaaa-aaaar-qbvdq-cai...
  Checking ICRC-1...
  ✓ ICRC-1 Token: AMANDAXD•ID•DTDV•ODIN (AMANDAXD•ID•DTDV•ODIN)
  Updated RESEARCH_PLAN.md

[94/205] Researching 43cxi-kaaaa-aaaar-qaqgq-cai

Researching 43cxi-kaaaa-aaaar-qaqgq-cai...
  Checking ICRC-1...
  ✓ ICRC-1 Token: WZRD•ID•HFZK•ODIN (WZRD•ID•HFZK•ODIN)
  Updated RESEARCH_PLAN.md

[95/205] Researching 43qjv-pyaaa-aaaac-a4wxq-cai

Researching 43qjv-pyaaa-aaaac-a4wxq-cai...
  Checking ICRC-1...
  Checking frontend...
  ✓ Frontend found: https://43qjv-pyaaa-aaaac-a4wxq-cai.icp0.io
  Checking candid...
  Updated RESEARCH_PLAN.md

[96/205] Researching 43udk-maaaa-aaaar-qapda-cai

Researching 43udk-maaaa-aaaar-qapda-cai...
  Checking ICRC-1...
  ✓ ICRC-1 Token: ODINAI•ID•VEDI•ODIN (ODINAI•ID•VEDI•ODIN)
  Updated RESEARCH_PLAN.md

[97/205] Researching 43wu7-xyaaa-aaaad-qg6jq-cai

Researching 43wu7-xyaaa-aaaad-qg6jq-cai...
  Checking ICRC-1...
  Checking frontend...
  ✓ Frontend found: https://43wu7-xyaaa-aaaad-qg6jq-cai.ic0.app
  Checking candid...
  Updated RESEARCH_PLAN.md

[98/205] Researching 4426m-haaaa-aaaak-qt5fq-cai

Researching 4426m-haaaa-aaaak-qt5fq-cai...
  Checking ICRC-1...
  ✓ ICRC-1 Token: Aptos (APT)
  Updated RESEARCH_PLAN.md

[99/205] Researching 44bft-ayaaa-aaaar-qbvda-cai

Researching 44bft-ayaaa-aaaar-qbvda-cai...
  Checking ICRC-1...
  ✓ ICRC-1 Token: KEKIUS•ID•EAQQ•ODIN (KEKIUS•ID•EAQQ•ODIN)
  Updated RESEARCH_PLAN.md

[100/205] Researching 44dr4-hyaaa-aaaar-qaqga-cai

Researching 44dr4-hyaaa-aaaar-qaqga-cai...
  Checking ICRC-1...
  ✓ ICRC-1 Token: NUKLAI•ID•COFG•ODIN (NUKLAI•ID•COFG•ODIN)
  Updated RESEARCH_PLAN.md

  Checkpoint: Completed 100/205

[101/205] Researching 44jjm-nqaaa-aaaap-ai7jq-cai

Researching 44jjm-nqaaa-aaaap-ai7jq-cai...
  Checking ICRC-1...
  Checking frontend...
  ✓ Frontend found: https://44jjm-nqaaa-aaaap-ai7jq-cai.ic0.app
  Checking candid...
  Updated RESEARCH_PLAN.md

[102/205] Researching 44kxe-zaaaa-aaaal-ajk6a-cai

Researching 44kxe-zaaaa-aaaal-ajk6a-cai...
  Checking ICRC-1...
  Checking frontend...
  ✓ Frontend found: https://44kxe-zaaaa-aaaal-ajk6a-cai.ic0.app
  Checking candid...
  Updated RESEARCH_PLAN.md

[103/205] Researching 44vf6-byaaa-aaaar-qapdq-cai

Researching 44vf6-byaaa-aaaar-qapdq-cai...
  Checking ICRC-1...
  ✓ ICRC-1 Token: AODINGGOU•ID•EYHK•ODIN (AODINGGOU•ID•EYHK•ODIN)
  Updated RESEARCH_PLAN.md

[104/205] Researching 44xsl-2aaaa-aaaad-qg6ja-cai

Researching 44xsl-2aaaa-aaaad-qg6ja-cai...
  Checking ICRC-1...
  Checking frontend...
  ✓ Frontend found: https://44xsl-2aaaa-aaaad-qg6ja-cai.icp0.io
  Checking candid...
  Updated RESEARCH_PLAN.md

[105/205] Researching 454jg-5qaaa-aaaal-adxhq-cai

Researching 454jg-5qaaa-aaaal-adxhq-cai...
  Checking ICRC-1...
  Checking frontend...
  ✓ Frontend found: https://454jg-5qaaa-aaaal-adxhq-cai.ic0.app
  Checking candid...
  Updated RESEARCH_PLAN.md

[106/205] Researching 45pog-dqaaa-aaaao-a4piq-cai

Researching 45pog-dqaaa-aaaao-a4piq-cai...
  Checking ICRC-1...
  ✓ ICRC-1 Token: MyToken (MYTOKEN)
  Updated RESEARCH_PLAN.md

[107/205] Researching 466cd-vaaaa-aaaac-aonra-cai

Researching 466cd-vaaaa-aaaac-aonra-cai...
  Checking ICRC-1...
  Checking frontend...
  ✓ Frontend found: https://466cd-vaaaa-aaaac-aonra-cai.icp0.io
  Checking candid...
  Updated RESEARCH_PLAN.md

[108/205] Researching 46bhg-mqaaa-aaaag-at5pa-cai

Researching 46bhg-mqaaa-aaaag-at5pa-cai...
  Checking ICRC-1...
  Checking frontend...
  ✓ Frontend found: https://46bhg-mqaaa-aaaag-at5pa-cai.ic0.app
  Checking candid...
  Updated RESEARCH_PLAN.md

[109/205] Researching 473ia-7yaaa-aaaag-amd5a-cai

Researching 473ia-7yaaa-aaaag-amd5a-cai...
  Checking ICRC-1...
  Checking frontend...
  ✓ Frontend found: https://473ia-7yaaa-aaaag-amd5a-cai.ic0.app
  Checking candid...
  Updated RESEARCH_PLAN.md

[110/205] Researching 473jg-3qaaa-aaaai-qpkya-cai

Researching 473jg-3qaaa-aaaai-qpkya-cai...
  Checking ICRC-1...
  ✓ ICRC-1 Token: GoldFish (GLDF)
  Updated RESEARCH_PLAN.md

  Checkpoint: Completed 110/205

[111/205] Researching 47ait-6aaaa-aaaar-qbn3q-cai

Researching 47ait-6aaaa-aaaar-qbn3q-cai...
  Checking ICRC-1...
  ✓ ICRC-1 Token: ODINPOLAR•ID•ZBMN•ODIN (ODINPOLAR•ID•ZBMN•ODIN)
  Updated RESEARCH_PLAN.md

[112/205] Researching 47w4r-yaaaa-aaaar-qbs6a-cai

Researching 47w4r-yaaaa-aaaar-qbs6a-cai...
  Checking ICRC-1...
  ✓ ICRC-1 Token: MX•ID•MEKD•ODIN (MX•ID•MEKD•ODIN)
  Updated RESEARCH_PLAN.md

[113/205] Researching 4a6e5-qaaaa-aaaak-qt5hq-cai

Researching 4a6e5-qaaaa-aaaak-qt5hq-cai...
  Checking ICRC-1...
  ✓ ICRC-1 Token: vyt (HUHH)
  Updated RESEARCH_PLAN.md

[114/205] Researching 4af7c-xyaaa-aaaar-qbvba-cai

Researching 4af7c-xyaaa-aaaar-qbvba-cai...
  Checking ICRC-1...
  ✓ ICRC-1 Token: MDOGS•ID•VNFG•ODIN (MDOGS•ID•VNFG•ODIN)
  Updated RESEARCH_PLAN.md

[115/205] Researching 4ailt-qaaaa-aaaag-ameca-cai

Researching 4ailt-qaaaa-aaaag-ameca-cai...
  Checking ICRC-1...
  Checking frontend...
  ✓ Frontend found: https://4ailt-qaaaa-aaaag-ameca-cai.ic0.app
  Checking candid...
  Updated RESEARCH_PLAN.md

[116/205] Researching 4alnw-giaaa-aaaap-abgma-cai

Researching 4alnw-giaaa-aaaap-abgma-cai...
  Checking ICRC-1...
  Checking frontend...
  ✓ Frontend found: https://4alnw-giaaa-aaaap-abgma-cai.ic0.app
  Checking candid...
  Updated RESEARCH_PLAN.md

[117/205] Researching 4ar7p-wyaaa-aaaar-qapbq-cai

Researching 4ar7p-wyaaa-aaaar-qapbq-cai...
  Checking ICRC-1...
  ✓ ICRC-1 Token: ODINAPE•ID•CILM•ODIN (ODINAPE•ID•CILM•ODIN)
  Updated RESEARCH_PLAN.md

[118/205] Researching 4azpi-aiaaa-aaaah-qqc5a-cai

Researching 4azpi-aiaaa-aaaah-qqc5a-cai...
  Checking ICRC-1...
  Checking frontend...
  ✓ Frontend found: https://4azpi-aiaaa-aaaah-qqc5a-cai.icp0.io
  Checking candid...
  Updated RESEARCH_PLAN.md

[119/205] Researching 4bihb-laaaa-aaaam-qdona-cai

Researching 4bihb-laaaa-aaaam-qdona-cai...
  Checking ICRC-1...
  Checking frontend...
  ✓ Frontend found: https://4bihb-laaaa-aaaam-qdona-cai.ic0.app
  Checking candid...
  Updated RESEARCH_PLAN.md

[120/205] Researching 4biss-cyaaa-aaaah-arneq-cai

Researching 4biss-cyaaa-aaaah-arneq-cai...
  Checking ICRC-1...
  Checking frontend...
  ✓ Frontend found: https://4biss-cyaaa-aaaah-arneq-cai.icp0.io
  Checking candid...
  Updated RESEARCH_PLAN.md

  Checkpoint: Completed 120/205

[121/205] Researching 4crha-iyaaa-aaaan-qmdia-cai

Researching 4crha-iyaaa-aaaan-qmdia-cai...
  Checking ICRC-1...
  Checking frontend...
  ✓ Frontend found: https://4crha-iyaaa-aaaan-qmdia-cai.ic0.app
  Checking candid...
  Updated RESEARCH_PLAN.md

[122/205] Researching 4dixi-liaaa-aaaah-arbiq-cai

Researching 4dixi-liaaa-aaaah-arbiq-cai...
  Checking ICRC-1...
  Checking frontend...
  ✓ Frontend found: https://4dixi-liaaa-aaaah-arbiq-cai.icp0.io
  Checking candid...
  Updated RESEARCH_PLAN.md

[123/205] Researching 4dj57-iyaaa-aaaak-qt22q-cai

Researching 4dj57-iyaaa-aaaak-qt22q-cai...
  Checking ICRC-1...
  ✓ ICRC-1 Token: Hell O (HELLO)
  Updated RESEARCH_PLAN.md

[124/205] Researching 4dsga-paaaa-aaaar-qbs4a-cai

Researching 4dsga-paaaa-aaaar-qbs4a-cai...
  Checking ICRC-1...
  ✓ ICRC-1 Token: TERPLAYER•ID•WOUM•ODIN (TERPLAYER•ID•WOUM•ODIN)
  Updated RESEARCH_PLAN.md

[125/205] Researching 4dvbg-yaaaa-aaaao-qj6fa-cai

Researching 4dvbg-yaaaa-aaaao-qj6fa-cai...
  Checking ICRC-1...
  Checking frontend...
  ✓ Frontend found: https://4dvbg-yaaaa-aaaao-qj6fa-cai.icp0.io
  Checking candid...
  Updated RESEARCH_PLAN.md

[126/205] Researching 4dyxl-hiaaa-aaaaf-qasmq-cai

Researching 4dyxl-hiaaa-aaaaf-qasmq-cai...
  Checking ICRC-1...
  Checking frontend...
  ✓ Frontend found: https://4dyxl-hiaaa-aaaaf-qasmq-cai.icp0.io
  Checking candid...
  Updated RESEARCH_PLAN.md

[127/205] Researching 4e4d3-wyaaa-aaaao-a44dq-cai

Researching 4e4d3-wyaaa-aaaao-a44dq-cai...
  Checking ICRC-1...
  Checking frontend...
  ✓ Frontend found: https://4e4d3-wyaaa-aaaao-a44dq-cai.icp0.io
  Checking candid...
  Updated RESEARCH_PLAN.md

[128/205] Researching 4e6uf-faaaa-aaaag-amd7q-cai

Researching 4e6uf-faaaa-aaaag-amd7q-cai...
  Checking ICRC-1...
  Checking frontend...
  ✓ Frontend found: https://4e6uf-faaaa-aaaag-amd7q-cai.ic0.app
  Checking candid...
  Updated RESEARCH_PLAN.md

[129/205] Researching 4ei3l-faaaa-aaaak-qt22a-cai

Researching 4ei3l-faaaa-aaaak-qt22a-cai...
  Checking ICRC-1...
  ✓ ICRC-1 Token: Butten Bun (BUBB)
  Updated RESEARCH_PLAN.md

[130/205] Researching 4ejr4-gqaaa-aaaah-arbia-cai

Researching 4ejr4-gqaaa-aaaah-arbia-cai...
  Checking ICRC-1...
  Checking frontend...
  ✓ Frontend found: https://4ejr4-gqaaa-aaaah-arbia-cai.ic0.app
  Checking candid...
  Updated RESEARCH_PLAN.md

  Checkpoint: Completed 130/205

[131/205] Researching 4etau-cyaaa-aaaar-qbs4q-cai

Researching 4etau-cyaaa-aaaar-qbs4q-cai...
  Checking ICRC-1...
  ✓ ICRC-1 Token: BTCPEPE•ID•VABY•ODIN (BTCPEPE•ID•VABY•ODIN)
  Updated RESEARCH_PLAN.md

[132/205] Researching 4euhs-vyaaa-aaaao-qj6fq-cai

Researching 4euhs-vyaaa-aaaao-qj6fq-cai...
  Checking ICRC-1...
  Checking frontend...
  ✓ Frontend found: https://4euhs-vyaaa-aaaao-qj6fq-cai.ic0.app
  Checking candid...
  Updated RESEARCH_PLAN.md

[133/205] Researching 4fe3d-wiaaa-aaaag-at5nq-cai

Researching 4fe3d-wiaaa-aaaag-at5nq-cai...
  Checking ICRC-1...
  Checking frontend...
  ✓ Frontend found: https://4fe3d-wiaaa-aaaag-at5nq-cai.icp0.io
  Checking candid...
  Updated RESEARCH_PLAN.md

[134/205] Researching 4fqbu-faaaa-aaaan-qmdiq-cai

Researching 4fqbu-faaaa-aaaan-qmdiq-cai...
  Checking ICRC-1...
  Checking frontend...
  ✓ Frontend found: https://4fqbu-faaaa-aaaan-qmdiq-cai.icp0.io
  Checking candid...
  Updated RESEARCH_PLAN.md

[135/205] Researching 4hezw-2aaaa-aaaar-qbvbq-cai

Researching 4hezw-2aaaa-aaaar-qbvbq-cai...
  Checking ICRC-1...
  ✓ ICRC-1 Token: DOGESHIBA•ID•FENF•ODIN (DOGESHIBA•ID•FENF•ODIN)
  Updated RESEARCH_PLAN.md

[136/205] Researching 4hqz3-3aaaa-aaaar-qapba-cai

Researching 4hqz3-3aaaa-aaaar-qapba-cai...
  Checking ICRC-1...
  ✓ ICRC-1 Token: PI•ID•XSOJ•ODIN (PI•ID•XSOJ•ODIN)
  Updated RESEARCH_PLAN.md

[137/205] Researching 4hyj4-nqaaa-aaaah-qqc5q-cai

Researching 4hyj4-nqaaa-aaaah-qqc5q-cai...
  Checking ICRC-1...
  Checking frontend...
  ✓ Frontend found: https://4hyj4-nqaaa-aaaah-qqc5q-cai.ic0.app
  Checking candid...
  Updated RESEARCH_PLAN.md

[138/205] Researching 4i22r-jaaaa-aaaal-ajbmq-cai

Researching 4i22r-jaaaa-aaaal-ajbmq-cai...
  Checking ICRC-1...
  Checking frontend...
  ✓ Frontend found: https://4i22r-jaaaa-aaaal-ajbmq-cai.ic0.app
  Checking candid...
  Updated RESEARCH_PLAN.md

[139/205] Researching 4idfk-viaaa-aaaak-qiy2q-cai

Researching 4idfk-viaaa-aaaak-qiy2q-cai...
  Checking ICRC-1...
  Checking frontend...
  ✓ Frontend found: https://4idfk-viaaa-aaaak-qiy2q-cai.icp0.io
  Checking candid...
  Updated RESEARCH_PLAN.md

[140/205] Researching 4ilm5-5iaaa-aaaam-qdomq-cai

Researching 4ilm5-5iaaa-aaaam-qdomq-cai...
  Checking ICRC-1...
  Checking frontend...
  ✓ Frontend found: https://4ilm5-5iaaa-aaaam-qdomq-cai.icp0.io
  Checking candid...
  Updated RESEARCH_PLAN.md

  Checkpoint: Completed 140/205

[141/205] Researching 4ilzo-uqaaa-aaaah-arnfa-cai

Researching 4ilzo-uqaaa-aaaah-arnfa-cai...
  Checking ICRC-1...
  Checking frontend...
  ✓ Frontend found: https://4ilzo-uqaaa-aaaah-arnfa-cai.ic0.app
  Checking candid...
  Updated RESEARCH_PLAN.md

[142/205] Researching 4j2eu-waaaa-aaaah-qqc4q-cai

Researching 4j2eu-waaaa-aaaah-qqc4q-cai...
  Checking ICRC-1...
  Checking frontend...
  ✓ Frontend found: https://4j2eu-waaaa-aaaah-qqc4q-cai.ic0.app
  Checking candid...
  Updated RESEARCH_PLAN.md

[143/205] Researching 4jgu6-bqaaa-aaaar-qbvaq-cai

Researching 4jgu6-bqaaa-aaaar-qbvaq-cai...
  Checking ICRC-1...
  ✓ ICRC-1 Token: FRANKDEGOD•ID•GLZH•ODIN (FRANKDEGOD•ID•GLZH•ODIN)
  Updated RESEARCH_PLAN.md

[144/205] Researching 4jngj-yiaaa-aaaal-ajk5q-cai

Researching 4jngj-yiaaa-aaaal-ajk5q-cai...
  Checking ICRC-1...
  Checking frontend...
  ✓ Frontend found: https://4jngj-yiaaa-aaaal-ajk5q-cai.ic0.app
  Checking candid...
  Updated RESEARCH_PLAN.md

[145/205] Researching 4jqdg-3iaaa-aaaad-qg6kq-cai

Researching 4jqdg-3iaaa-aaaad-qg6kq-cai...
  Checking ICRC-1...
  Checking frontend...
  ✓ Frontend found: https://4jqdg-3iaaa-aaaad-qg6kq-cai.ic0.app
  Checking candid...
  Updated RESEARCH_PLAN.md

[146/205] Researching 4jsui-yqaaa-aaaac-aukwa-cai

Researching 4jsui-yqaaa-aaaac-aukwa-cai...
  Checking ICRC-1...
  Checking frontend...
  ✓ Frontend found: https://4jsui-yqaaa-aaaac-aukwa-cai.ic0.app
  Checking candid...
  Updated RESEARCH_PLAN.md

[147/205] Researching 4kkwd-6qaaa-aaaak-qt23a-cai

Researching 4kkwd-6qaaa-aaaak-qt23a-cai...
  Checking ICRC-1...
  Checking frontend...
  ✓ Frontend found: https://4kkwd-6qaaa-aaaak-qt23a-cai.ic0.app
  Checking candid...
  Updated RESEARCH_PLAN.md

[148/205] Researching 4kl4u-5aaaa-aaaah-arbja-cai

Researching 4kl4u-5aaaa-aaaah-arbja-cai...
  Checking ICRC-1...
  Checking frontend...
  ✓ Frontend found: https://4kl4u-5aaaa-aaaah-arbja-cai.ic0.app
  Checking candid...
  Updated RESEARCH_PLAN.md

[149/205] Researching 4krn4-ziaaa-aaaar-qbs5q-cai

Researching 4krn4-ziaaa-aaaar-qbs5q-cai...
  Checking ICRC-1...
  ✓ ICRC-1 Token: MODULEX•ID•PGMT•ODIN (MODULEX•ID•PGMT•ODIN)
  Updated RESEARCH_PLAN.md

[150/205] Researching 4l75v-maaaa-aaaal-abfwq-cai

Researching 4l75v-maaaa-aaaal-abfwq-cai...
  Checking ICRC-1...
  Checking frontend...
  Checking candid...
  ✓ Methods: service, hello
  Updated RESEARCH_PLAN.md

  Checkpoint: Completed 150/205

[151/205] Researching 4mhq7-aaaaa-aaaag-at5ma-cai

Researching 4mhq7-aaaaa-aaaag-at5ma-cai...
  Checking ICRC-1...
  Checking frontend...
  ✓ Frontend found: https://4mhq7-aaaaa-aaaag-at5ma-cai.ic0.app
  Checking candid...
  Updated RESEARCH_PLAN.md

[152/205] Researching 4n22d-4yaaa-aaaaf-qasnq-cai

Researching 4n22d-4yaaa-aaaaf-qasnq-cai...
  Checking ICRC-1...
  Checking frontend...
  ✓ Frontend found: https://4n22d-4yaaa-aaaaf-qasnq-cai.icp0.io
  Checking candid...
  Updated RESEARCH_PLAN.md

[153/205] Researching 4n3z7-niaaa-aaaal-ajnaa-cai

Researching 4n3z7-niaaa-aaaal-ajnaa-cai...
  Checking ICRC-1...
  Checking frontend...
  ✓ Frontend found: https://4n3z7-niaaa-aaaal-ajnaa-cai.ic0.app
  Checking candid...
  Updated RESEARCH_PLAN.md

[154/205] Researching 4ngma-kyaaa-aaaak-qaiuq-cai

Researching 4ngma-kyaaa-aaaak-qaiuq-cai...
  Checking ICRC-1...
  Checking frontend...
  Checking candid...
  Updated RESEARCH_PLAN.md

[155/205] Researching 4nqli-uqaaa-aaaar-qbs5a-cai

Researching 4nqli-uqaaa-aaaar-qbs5a-cai...
  Checking ICRC-1...
  ✓ ICRC-1 Token: MODULEX•ID•ZZII•ODIN (MODULEX•ID•ZZII•ODIN)
  Updated RESEARCH_PLAN.md

[156/205] Researching 4nt3u-hyaaa-aaaai-q3mvq-cai

Researching 4nt3u-hyaaa-aaaai-q3mvq-cai...
  Checking ICRC-1...
  Checking frontend...
  ✓ Frontend found: https://4nt3u-hyaaa-aaaai-q3mvq-cai.ic0.app
  Checking candid...
  Updated RESEARCH_PLAN.md

[157/205] Researching 4o3ca-3yaaa-aaaah-qqc4a-cai

Researching 4o3ca-3yaaa-aaaah-qqc4a-cai...
  Checking ICRC-1...
  Checking frontend...
  ✓ Frontend found: https://4o3ca-3yaaa-aaaah-qqc4a-cai.ic0.app
  Checking candid...
  Updated RESEARCH_PLAN.md

[158/205] Researching 4ohsk-miaaa-aaaar-qbvaa-cai

Researching 4ohsk-miaaa-aaaar-qbvaa-cai...
  Checking ICRC-1...
  ✓ ICRC-1 Token: GALAXY•ID•WAEX•ODIN (GALAXY•ID•WAEX•ODIN)
  Updated RESEARCH_PLAN.md

[159/205] Researching 4orfs-wqaaa-aaaad-qg6ka-cai

Researching 4orfs-wqaaa-aaaad-qg6ka-cai...
  Checking ICRC-1...
  Checking frontend...
  ✓ Frontend found: https://4orfs-wqaaa-aaaad-qg6ka-cai.icp0.io
  Checking candid...
  Updated RESEARCH_PLAN.md

[160/205] Researching 4otsh-niaaa-aaaar-qapaq-cai

Researching 4otsh-niaaa-aaaar-qapaq-cai...
  Checking ICRC-1...
  ✓ ICRC-1 Token: MOTOKO•ID•RCTM•ODIN (MOTOKO•ID•RCTM•ODIN)
  Updated RESEARCH_PLAN.md

  Checkpoint: Completed 160/205

[161/205] Researching 4p34f-eyaaa-aaaal-ajbma-cai

Researching 4p34f-eyaaa-aaaal-ajbma-cai...
  Checking ICRC-1...
  Checking frontend...
  ✓ Frontend found: https://4p34f-eyaaa-aaaal-ajbma-cai.ic0.app
  Checking candid...
  Updated RESEARCH_PLAN.md

[162/205] Researching 4phnc-7aaaa-aaaaj-qnrdq-cai

Researching 4phnc-7aaaa-aaaaj-qnrdq-cai...
  Checking ICRC-1...
  Checking frontend...
  ✓ Frontend found: https://4phnc-7aaaa-aaaaj-qnrdq-cai.icp0.io
  Checking candid...
  Updated RESEARCH_PLAN.md

[163/205] Researching 4q2wu-pqaaa-aaaag-abvbq-cai

Researching 4q2wu-pqaaa-aaaag-abvbq-cai...
  Checking ICRC-1...
  Checking frontend...
  ✓ Frontend found: https://4q2wu-pqaaa-aaaag-abvbq-cai.ic0.app
  Checking candid...
  Updated RESEARCH_PLAN.md

[164/205] Researching 4qdko-xaaaa-aaaag-at5oa-cai

Researching 4qdko-xaaaa-aaaag-at5oa-cai...
  Checking ICRC-1...
  Checking frontend...
  ✓ Frontend found: https://4qdko-xaaaa-aaaag-at5oa-cai.ic0.app
  Checking candid...
  Updated RESEARCH_PLAN.md

[165/205] Researching 4qdnb-syaaa-aaaar-qbzoa-cai

Researching 4qdnb-syaaa-aaaar-qbzoa-cai...
  Checking ICRC-1...
  ✓ ICRC-1 Token: SOON•ID•RYFW•ODIN (SOON•ID•RYFW•ODIN)
  Updated RESEARCH_PLAN.md

[166/205] Researching 4qxiu-gqaaa-aaaaa-qausq-cai

Researching 4qxiu-gqaaa-aaaaa-qausq-cai...
  Checking ICRC-1...
  ✓ ICRC-1 Token: ToKeN (TKN)
  Updated RESEARCH_PLAN.md

[167/205] Researching 4rcf3-fqaaa-aaaar-qbn2q-cai

Researching 4rcf3-fqaaa-aaaar-qbn2q-cai...
  Checking ICRC-1...
  Checking frontend...
  ✓ Frontend found: https://4rcf3-fqaaa-aaaar-qbn2q-cai.ic0.app
  Checking candid...
  Updated RESEARCH_PLAN.md

[168/205] Researching 4ribt-uaaaa-aaaah-qqfda-cai

Researching 4ribt-uaaaa-aaaah-qqfda-cai...
  Checking ICRC-1...
  Checking frontend...
  ✓ Frontend found: https://4ribt-uaaaa-aaaah-qqfda-cai.icp0.io
  Checking candid...
  Updated RESEARCH_PLAN.md

[169/205] Researching 4rurz-dqaaa-aaaar-qbs7a-cai

Researching 4rurz-dqaaa-aaaar-qbs7a-cai...
  Checking ICRC-1...
  ✓ ICRC-1 Token: KYLIN•ID•GNZW•ODIN (KYLIN•ID•GNZW•ODIN)
  Updated RESEARCH_PLAN.md

[170/205] Researching 4sb4u-4iaaa-aaaar-qaqha-cai

Researching 4sb4u-4iaaa-aaaar-qaqha-cai...
  Checking ICRC-1...
  ✓ ICRC-1 Token: CHEEMS•ID•ITLB•ODIN (CHEEMS•ID•ITLB•ODIN)
  Updated RESEARCH_PLAN.md

  Checkpoint: Completed 170/205

[171/205] Researching 4sdi3-3iaaa-aaaar-qbvca-cai

Researching 4sdi3-3iaaa-aaaar-qbvca-cai...
  Checking ICRC-1...
  ✓ ICRC-1 Token: CRYPTOBURG•ID•JQNJ•ODIN (CRYPTOBURG•ID•JQNJ•ODIN)
  Updated RESEARCH_PLAN.md

[172/205] Researching 4sv7d-bqaaa-aaaad-qg6ia-cai

Researching 4sv7d-bqaaa-aaaad-qg6ia-cai...
  Checking ICRC-1...
  Checking frontend...
  ✓ Frontend found: https://4sv7d-bqaaa-aaaad-qg6ia-cai.icp0.io
  Checking candid...
  Updated RESEARCH_PLAN.md

[173/205] Researching 4sxiw-2iaaa-aaaar-qapcq-cai

Researching 4sxiw-2iaaa-aaaar-qapcq-cai...
  Checking ICRC-1...
  ✓ ICRC-1 Token: CHODIN•ID•OOXT•ODIN (CHODIN•ID•OOXT•ODIN)
  Updated RESEARCH_PLAN.md

[174/205] Researching 4tb3r-nyaaa-aaaae-qad5a-cai

Researching 4tb3r-nyaaa-aaaae-qad5a-cai...
  Checking ICRC-1...
  Checking frontend...
  ✓ Frontend found: https://4tb3r-nyaaa-aaaae-qad5a-cai.raw.icp0.io
  Checking candid...
  ✓ Methods: address, err, ok, err, ok, err, ok, err, ok, err
  Updated RESEARCH_PLAN.md

[175/205] Researching 4va2a-rqaaa-aaaar-qaqhq-cai

Researching 4va2a-rqaaa-aaaar-qaqhq-cai...
  Checking ICRC-1...
  ✓ ICRC-1 Token: ODOGE•ID•SCWN•ODIN (ODOGE•ID•SCWN•ODIN)
  Updated RESEARCH_PLAN.md

[176/205] Researching 4vcop-wqaaa-aaaar-qbvcq-cai

Researching 4vcop-wqaaa-aaaar-qbvcq-cai...
  Checking ICRC-1...
  ✓ ICRC-1 Token: COCORO•ID•IVPN•ODIN (COCORO•ID•IVPN•ODIN)
  Updated RESEARCH_PLAN.md

[177/205] Researching 4vjef-5qaaa-aaaap-qhwgq-cai

Researching 4vjef-5qaaa-aaaap-qhwgq-cai...
  Checking ICRC-1...
  Checking frontend...
  ✓ Frontend found: https://4vjef-5qaaa-aaaap-qhwgq-cai.ic0.app
  Checking candid...
  Updated RESEARCH_PLAN.md

[178/205] Researching 4vuzx-miaaa-aaaad-qg6iq-cai

Researching 4vuzx-miaaa-aaaad-qg6iq-cai...
  Checking ICRC-1...
  Checking frontend...
  ✓ Frontend found: https://4vuzx-miaaa-aaaad-qg6iq-cai.ic0.app
  Checking candid...
  Updated RESEARCH_PLAN.md

[179/205] Researching 4vwoc-xqaaa-aaaar-qapca-cai

Researching 4vwoc-xqaaa-aaaar-qapca-cai...
  Checking ICRC-1...
  ✓ ICRC-1 Token: TURT•ID•PNLO•ODIN (TURT•ID•PNLO•ODIN)
  Updated RESEARCH_PLAN.md

[180/205] Researching 4vzvq-riaaa-aaaak-qt5ea-cai

Researching 4vzvq-riaaa-aaaak-qt5ea-cai...
  Checking ICRC-1...
  ✓ ICRC-1 Token: XRP (XRP)
  Updated RESEARCH_PLAN.md

  Checkpoint: Completed 180/205

[181/205] Researching 4wjhh-zyaaa-aaaah-qqfdq-cai

Researching 4wjhh-zyaaa-aaaah-qqfdq-cai...
  Checking ICRC-1...
  Checking frontend...
  ✓ Frontend found: https://4wjhh-zyaaa-aaaah-qqfdq-cai.ic0.app
  Checking candid...
  Updated RESEARCH_PLAN.md

[182/205] Researching 4wvxn-oiaaa-aaaar-qbs7q-cai

Researching 4wvxn-oiaaa-aaaar-qbs7q-cai...
  Checking ICRC-1...
  ✓ ICRC-1 Token: MODULEX•ID•UAZV•ODIN (MODULEX•ID•UAZV•ODIN)
  Updated RESEARCH_PLAN.md

[183/205] Researching 4x3uo-diaaa-aaaaq-aaayq-cai

Researching 4x3uo-diaaa-aaaaq-aaayq-cai...
  Checking ICRC-1...
  Checking frontend...
  ✓ Frontend found: https://4x3uo-diaaa-aaaaq-aaayq-cai.ic0.app
  Checking candid...
  Updated RESEARCH_PLAN.md

[184/205] Researching 4xcm2-2yaaa-aaaag-at5oq-cai

Researching 4xcm2-2yaaa-aaaag-at5oq-cai...
  Checking ICRC-1...
  Checking frontend...
  ✓ Frontend found: https://4xcm2-2yaaa-aaaag-at5oq-cai.icp0.io
  Checking candid...
  Updated RESEARCH_PLAN.md

[185/205] Researching 4y5lo-5qaaa-aaaaf-qasoa-cai

Researching 4y5lo-5qaaa-aaaaf-qasoa-cai...
  Checking ICRC-1...
  Checking frontend...
  ✓ Frontend found: https://4y5lo-5qaaa-aaaaf-qasoa-cai.ic0.app
  Checking candid...
  Updated RESEARCH_PLAN.md

[186/205] Researching 4yboh-tyaaa-aaaar-qbn3a-cai

Researching 4yboh-tyaaa-aaaar-qbn3a-cai...
  Checking ICRC-1...
  ✓ ICRC-1 Token: BITCOIN•ID•EWUY•ODIN (BITCOIN•ID•EWUY•ODIN)
  Updated RESEARCH_PLAN.md

[187/205] Researching 4yq5d-cyaaa-aaaao-qj6hq-cai

Researching 4yq5d-cyaaa-aaaao-qj6hq-cai...
  Checking ICRC-1...
  Checking frontend...
  ✓ Frontend found: https://4yq5d-cyaaa-aaaao-qj6hq-cai.icp0.io
  Checking candid...
  Updated RESEARCH_PLAN.md

[188/205] Researching 4yx2f-vyaaa-aaaar-qbs6q-cai

Researching 4yx2f-vyaaa-aaaar-qbs6q-cai...
  Checking ICRC-1...
  ✓ ICRC-1 Token: CEP•ID•JPYP•ODIN (CEP•ID•JPYP•ODIN)
  Updated RESEARCH_PLAN.md

[189/205] Researching 4z7ex-yyaaa-aaaac-aonrq-cai

Researching 4z7ex-yyaaa-aaaac-aonrq-cai...
  Checking ICRC-1...
  Checking frontend...
  ✓ Frontend found: https://4z7ex-yyaaa-aaaac-aonrq-cai.ic0.app
  Checking candid...
  Updated RESEARCH_PLAN.md

[190/205] Researching 4zabs-biaaa-aaaag-at5pq-cai

Researching 4zabs-biaaa-aaaag-at5pq-cai...
  Checking ICRC-1...
  Checking frontend...
  ✓ Frontend found: https://4zabs-biaaa-aaaag-at5pq-cai.icp0.io
  Checking candid...
  Updated RESEARCH_PLAN.md

  Checkpoint: Completed 190/205

[191/205] Researching 52miu-vqaaa-aaaag-at5ja-cai

Researching 52miu-vqaaa-aaaag-at5ja-cai...
  Checking ICRC-1...
  Checking frontend...
  ✓ Frontend found: https://52miu-vqaaa-aaaag-at5ja-cai.icp0.io
  Checking candid...
  Updated RESEARCH_PLAN.md

[192/205] Researching 53bb2-rqaaa-aaaap-aa3vq-cai

Researching 53bb2-rqaaa-aaaap-aa3vq-cai...
  Checking ICRC-1...
  Checking frontend...
  Checking candid...
  Updated RESEARCH_PLAN.md

[193/205] Researching 545sr-3yaaa-aaaao-qj6bq-cai

Researching 545sr-3yaaa-aaaao-qj6bq-cai...
  Checking ICRC-1...
  Checking frontend...
  ✓ Frontend found: https://545sr-3yaaa-aaaao-qj6bq-cai.icp0.io
  Checking candid...
  Updated RESEARCH_PLAN.md

[194/205] Researching 54jza-yiaaa-aaaal-artcq-cai

Researching 54jza-yiaaa-aaaal-artcq-cai...
  Checking ICRC-1...
  Checking frontend...
  ✓ Frontend found: https://54jza-yiaaa-aaaal-artcq-cai.icp0.io
  Checking candid...
  Updated RESEARCH_PLAN.md

[195/205] Researching 55e7x-xyaaa-aaaal-qmzsq-cai

Researching 55e7x-xyaaa-aaaal-qmzsq-cai...
  Checking ICRC-1...
  Checking frontend...
  ✓ Frontend found: https://55e7x-xyaaa-aaaal-qmzsq-cai.icp0.io
  Checking candid...
  Updated RESEARCH_PLAN.md

[196/205] Researching 55noa-yiaaa-aaaag-at5jq-cai

Researching 55noa-yiaaa-aaaag-at5jq-cai...
  Checking ICRC-1...
  Checking frontend...
  ✓ Frontend found: https://55noa-yiaaa-aaaag-at5jq-cai.ic0.app
  Checking candid...
  Updated RESEARCH_PLAN.md

[197/205] Researching 56rc2-4qaaa-aaaal-ajbjq-cai

Researching 56rc2-4qaaa-aaaal-ajbjq-cai...
  Checking ICRC-1...
  Checking frontend...
  ✓ Frontend found: https://56rc2-4qaaa-aaaal-ajbjq-cai.ic0.app
  Checking candid...
  Updated RESEARCH_PLAN.md

[198/205] Researching 57nmv-uaaaa-aaaar-qbvfq-cai

Researching 57nmv-uaaaa-aaaar-qbvfq-cai...
  Checking ICRC-1...
  ✓ ICRC-1 Token: MOGU•ID•EJIE•ODIN (MOGU•ID•EJIE•ODIN)
  Updated RESEARCH_PLAN.md

[199/205] Researching 57py2-taaaa-aaaar-qaqaq-cai

Researching 57py2-taaaa-aaaar-qaqaq-cai...
  Checking ICRC-1...
  ✓ ICRC-1 Token: TOADIN•ID•KXOM•ODIN (TOADIN•ID•KXOM•ODIN)
  Updated RESEARCH_PLAN.md

[200/205] Researching 57q7d-saaaa-aaaaj-az5ua-cai

Researching 57q7d-saaaa-aaaaj-az5ua-cai...
  Checking ICRC-1...
  Checking frontend...
  ✓ Frontend found: https://57q7d-saaaa-aaaaj-az5ua-cai.icp0.io
  Checking candid...
  Updated RESEARCH_PLAN.md

  Checkpoint: Completed 200/205

[201/205] Researching 57yxc-oiaaa-aaaai-atjhq-cai

Researching 57yxc-oiaaa-aaaai-atjhq-cai...
  Checking ICRC-1...
  Checking frontend...
  ✓ Frontend found: https://57yxc-oiaaa-aaaai-atjhq-cai.icp0.io
  Checking candid...
  Updated RESEARCH_PLAN.md

[202/205] Researching 57zmy-vaaaa-aaaar-qapfa-cai

Researching 57zmy-vaaaa-aaaar-qapfa-cai...
  Checking ICRC-1...
  ✓ ICRC-1 Token: DOG•ID•ZKJX•ODIN (DOG•ID•ZKJX•ODIN)
  Updated RESEARCH_PLAN.md

[203/205] Researching 5au6n-tqaaa-aaaaf-qaska-cai

Researching 5au6n-tqaaa-aaaaf-qaska-cai...
  Checking ICRC-1...
  Checking frontend...
  ✓ Frontend found: https://5au6n-tqaaa-aaaaf-qaska-cai.ic0.app
  Checking candid...
  Updated RESEARCH_PLAN.md

[204/205] Researching 5beig-wyaaa-aaaag-aapeq-cai

Researching 5beig-wyaaa-aaaag-aapeq-cai...
  Checking ICRC-1...
  Checking frontend...
  Checking candid...
  ✓ Methods: channel_id, comment_id, channel_id, cursor, limit, id, content, metadata, created_at, user_id
  Updated RESEARCH_PLAN.md

[205/205] Researching 5bjur-piaaa-aaaag-at5lq-cai

Researching 5bjur-piaaa-aaaag-at5lq-cai...
  Checking ICRC-1...
  Checking frontend...
  ✓ Frontend found: https://5bjur-piaaa-aaaag-at5lq-cai.icp0.io
  Checking candid...
  Updated RESEARCH_PLAN.md

✓ Research complete! Processed 205 canisters.
